# Logfile created on 2016-03-21 01:19:27 +0000 by logger.rb/47272
curl -X PUT 'http://localhost:9200/articles/article/2?pretty' -d '{"id":2,"title":"test article","body":"test for elasticsearch","user_id":1,"created_at":"2016-03-21T01:25:12.334Z","updated_at":"2016-03-21T01:25:12.334Z"}'

# 2016-03-21T01:25:13+00:00 [201] (0.916s)
#
# {"_index":"articles","_type":"article","_id":"2","_version":1,"_shards":{"total":2,"successful":1,"failed":0},"created":true
# }

curl -X GET 'http://localhost:9200/articles/article/_search?pretty&q=elasticsearch'

# 2016-03-21T01:28:26+00:00 [200] (0.070s)
#
# {"took":56,"timed_out":false,"_shards":{"total":5,"successful":5,"failed":0},"hits":{"total":1,"max_score":0.067124054,"hits":[{"_index":"articles","_type":"article","_id":"2","_score":0.067124054,"_source":{"id":2,"title":"test article","body":"test for elasticsearch","user_id":1,"created_at":"2016-03-21T01:25:12.334Z","updated_at":"2016-03-21T01:25:12.334Z"}}]}
# }

curl -X GET 'http://localhost:9200/articles/article/_search?pretty&q=elasticsearch'

# 2016-03-21T01:28:38+00:00 [200] (0.015s)
#
# {"took":12,"timed_out":false,"_shards":{"total":5,"successful":5,"failed":0},"hits":{"total":1,"max_score":0.067124054,"hits":[{"_index":"articles","_type":"article","_id":"2","_score":0.067124054,"_source":{"id":2,"title":"test article","body":"test for elasticsearch","user_id":1,"created_at":"2016-03-21T01:25:12.334Z","updated_at":"2016-03-21T01:25:12.334Z"}}]}
# }

curl -X GET 'http://localhost:9200/articles/article/_search?pretty&q=elasticsearch'

# 2016-03-21T01:28:42+00:00 [200] (0.011s)
#
# {"took":7,"timed_out":false,"_shards":{"total":5,"successful":5,"failed":0},"hits":{"total":1,"max_score":0.067124054,"hits":[{"_index":"articles","_type":"article","_id":"2","_score":0.067124054,"_source":{"id":2,"title":"test article","body":"test for elasticsearch","user_id":1,"created_at":"2016-03-21T01:25:12.334Z","updated_at":"2016-03-21T01:25:12.334Z"}}]}
# }

curl -X GET 'http://localhost:9200/articles/article/_search?pretty&q=elasticsearch'

# 2016-03-21T01:28:45+00:00 [200] (0.010s)
#
# {"took":8,"timed_out":false,"_shards":{"total":5,"successful":5,"failed":0},"hits":{"total":1,"max_score":0.067124054,"hits":[{"_index":"articles","_type":"article","_id":"2","_score":0.067124054,"_source":{"id":2,"title":"test article","body":"test for elasticsearch","user_id":1,"created_at":"2016-03-21T01:25:12.334Z","updated_at":"2016-03-21T01:25:12.334Z"}}]}
# }

curl -X GET 'http://localhost:9200/articles/article/_search?pretty&q=elasticsearch'

# 2016-03-21T01:29:02+00:00 [200] (0.009s)
#
# {"took":5,"timed_out":false,"_shards":{"total":5,"successful":5,"failed":0},"hits":{"total":1,"max_score":0.067124054,"hits":[{"_index":"articles","_type":"article","_id":"2","_score":0.067124054,"_source":{"id":2,"title":"test article","body":"test for elasticsearch","user_id":1,"created_at":"2016-03-21T01:25:12.334Z","updated_at":"2016-03-21T01:25:12.334Z"}}]}
# }

curl -X GET 'http://localhost:9200/articles/article/_search?pretty&q=test+article'

# 2016-03-21T01:29:33+00:00 [200] (0.014s)
#
# {"took":9,"timed_out":false,"_shards":{"total":5,"successful":5,"failed":0},"hits":{"total":1,"max_score":0.11458792,"hits":[{"_index":"articles","_type":"article","_id":"2","_score":0.11458792,"_source":{"id":2,"title":"test article","body":"test for elasticsearch","user_id":1,"created_at":"2016-03-21T01:25:12.334Z","updated_at":"2016-03-21T01:25:12.334Z"}}]}
# }

curl -X GET 'http://localhost:9200/articles/article/_search?pretty&q=elasticsearch'

# 2016-03-21T01:30:47+00:00 [200] (0.007s)
#
# {"took":4,"timed_out":false,"_shards":{"total":5,"successful":5,"failed":0},"hits":{"total":1,"max_score":0.067124054,"hits":[{"_index":"articles","_type":"article","_id":"2","_score":0.067124054,"_source":{"id":2,"title":"test article","body":"test for elasticsearch","user_id":1,"created_at":"2016-03-21T01:25:12.334Z","updated_at":"2016-03-21T01:25:12.334Z"}}]}
# }

